0 info it worked if it ends with ok
1 verbose cli [ '/usr/local/Cellar/node/0.10.20/bin/node',
1 verbose cli   '/usr/local/bin/npm',
1 verbose cli   'publish' ]
2 info using npm@1.3.11
3 info using node@v0.10.20
4 verbose publish [ '.' ]
5 verbose cache add [ '.', null ]
6 verbose cache add name=undefined spec="." args=[".",null]
7 verbose parsed url { protocol: null,
7 verbose parsed url   slashes: null,
7 verbose parsed url   auth: null,
7 verbose parsed url   host: null,
7 verbose parsed url   port: null,
7 verbose parsed url   hostname: null,
7 verbose parsed url   hash: null,
7 verbose parsed url   search: null,
7 verbose parsed url   query: null,
7 verbose parsed url   pathname: '.',
7 verbose parsed url   path: '.',
7 verbose parsed url   href: '.' }
8 silly lockFile 3a52ce78- .
9 verbose lock . /Users/pascal/.npm/3a52ce78-.lock
10 verbose tar pack [ '/var/folders/lv/88pz5hxs2h3gggbx3kzp6t0h0000gp/T/npm-78416-uuu_d9_7/1381272972923-0.6850927995983511/tmp.tgz',
10 verbose tar pack   '.' ]
11 verbose tarball /var/folders/lv/88pz5hxs2h3gggbx3kzp6t0h0000gp/T/npm-78416-uuu_d9_7/1381272972923-0.6850927995983511/tmp.tgz
12 verbose folder .
13 silly lockFile 1f1177db-tar tar://.
14 verbose lock tar://. /Users/pascal/.npm/1f1177db-tar.lock
15 silly lockFile 6a41841e-72923-0-6850927995983511-tmp-tgz tar:///var/folders/lv/88pz5hxs2h3gggbx3kzp6t0h0000gp/T/npm-78416-uuu_d9_7/1381272972923-0.6850927995983511/tmp.tgz
16 verbose lock tar:///var/folders/lv/88pz5hxs2h3gggbx3kzp6t0h0000gp/T/npm-78416-uuu_d9_7/1381272972923-0.6850927995983511/tmp.tgz /Users/pascal/.npm/6a41841e-72923-0-6850927995983511-tmp-tgz.lock
17 silly lockFile 1f1177db-tar tar://.
18 silly lockFile 1f1177db-tar tar://.
19 silly lockFile 6a41841e-72923-0-6850927995983511-tmp-tgz tar:///var/folders/lv/88pz5hxs2h3gggbx3kzp6t0h0000gp/T/npm-78416-uuu_d9_7/1381272972923-0.6850927995983511/tmp.tgz
20 silly lockFile 6a41841e-72923-0-6850927995983511-tmp-tgz tar:///var/folders/lv/88pz5hxs2h3gggbx3kzp6t0h0000gp/T/npm-78416-uuu_d9_7/1381272972923-0.6850927995983511/tmp.tgz
21 verbose tar unpack /var/folders/lv/88pz5hxs2h3gggbx3kzp6t0h0000gp/T/npm-78416-uuu_d9_7/1381272972923-0.6850927995983511/tmp.tgz
22 silly lockFile 71412391-72923-0-6850927995983511-package tar:///var/folders/lv/88pz5hxs2h3gggbx3kzp6t0h0000gp/T/npm-78416-uuu_d9_7/1381272972923-0.6850927995983511/package
23 verbose lock tar:///var/folders/lv/88pz5hxs2h3gggbx3kzp6t0h0000gp/T/npm-78416-uuu_d9_7/1381272972923-0.6850927995983511/package /Users/pascal/.npm/71412391-72923-0-6850927995983511-package.lock
24 silly lockFile 6a41841e-72923-0-6850927995983511-tmp-tgz tar:///var/folders/lv/88pz5hxs2h3gggbx3kzp6t0h0000gp/T/npm-78416-uuu_d9_7/1381272972923-0.6850927995983511/tmp.tgz
25 verbose lock tar:///var/folders/lv/88pz5hxs2h3gggbx3kzp6t0h0000gp/T/npm-78416-uuu_d9_7/1381272972923-0.6850927995983511/tmp.tgz /Users/pascal/.npm/6a41841e-72923-0-6850927995983511-tmp-tgz.lock
26 silly gunzTarPerm modes [ '755', '644' ]
27 silly gunzTarPerm extractEntry package.json
28 silly gunzTarPerm extractEntry .npmignore
29 silly gunzTarPerm extractEntry README.md
30 silly gunzTarPerm extractEntry Gruntfile.js
31 silly gunzTarPerm extractEntry composer.json
32 silly gunzTarPerm extractEntry composer.phar
33 silly gunzTarPerm extractEntry yiic.php
34 silly gunzTarPerm extractEntry app/helpers/.gitkeep
35 silly gunzTarPerm extractEntry app/.htaccess
36 silly gunzTarPerm extractEntry app/components/UserIdentity.php
37 silly gunzTarPerm extractEntry app/config/common.php
38 silly gunzTarPerm extractEntry app/config/console.php
39 silly gunzTarPerm extractEntry app/config/env/dev.php
40 silly gunzTarPerm extractEntry app/config/main.php
41 silly gunzTarPerm extractEntry app/config/test.php
42 silly gunzTarPerm extractEntry app/controllers/SiteController.php
43 silly gunzTarPerm extractEntry app/controllers/YiiLogController.php
44 silly gunzTarPerm modified mode [ 'app/controllers/YiiLogController.php', 438, 420 ]
45 silly gunzTarPerm extractEntry app/data/.gitkeep
46 silly gunzTarPerm extractEntry app/data/blog-test.db
47 silly gunzTarPerm extractEntry app/data/blog.db
48 silly gunzTarPerm extractEntry app/data/dbgen.php
49 silly gunzTarPerm extractEntry app/data/schema.mysql.sql
50 silly gunzTarPerm extractEntry app/data/schema.sqlite.sql
51 silly gunzTarPerm extractEntry app/extensions/behaviors/.gitkeep
52 silly gunzTarPerm extractEntry app/extensions/components/EActiveRecord.php
53 silly gunzTarPerm extractEntry app/extensions/components/EController.php
54 silly gunzTarPerm extractEntry app/extensions/components/EWebApplication.php
55 silly gunzTarPerm extractEntry app/cli/commands/.gitkeep
56 silly gunzTarPerm extractEntry app/cli/migrations/.gitkeep
57 silly gunzTarPerm extractEntry app/lib/Yiinitializr/README.md
58 silly gunzTarPerm extractEntry app/lib/Yiinitializr/LICENSE
59 silly gunzTarPerm extractEntry app/lib/Yiinitializr/CHANGELOG
60 silly gunzTarPerm extractEntry app/lib/Yiinitializr/Cli/Console.php
61 silly gunzTarPerm extractEntry app/lib/Yiinitializr/Cli/Daemon.php
62 silly gunzTarPerm extractEntry app/lib/Yiinitializr/Composer/Callback.php
63 silly gunzTarPerm extractEntry app/lib/Yiinitializr/Helpers/ArrayX.php
64 silly gunzTarPerm extractEntry app/lib/Yiinitializr/Helpers/Config.php
65 silly gunzTarPerm extractEntry app/lib/Yiinitializr/Helpers/Initializer.php
66 silly gunzTarPerm extractEntry app/lib/Yiinitializr/composer.json
67 silly gunzTarPerm extractEntry app/lib/Yiinitializr/config/console.php
68 silly gunzTarPerm extractEntry app/lib/Yiinitializr/config/settings.php
69 silly gunzTarPerm extractEntry app/messages/.gitkeep
70 silly gunzTarPerm extractEntry app/models/.gitkeep
71 silly gunzTarPerm extractEntry app/models/ContactForm.php
72 silly gunzTarPerm extractEntry app/models/User.php
73 silly gunzTarPerm extractEntry app/models/YiiLog.php
74 silly gunzTarPerm modified mode [ 'app/models/YiiLog.php', 438, 420 ]
75 silly gunzTarPerm extractEntry app/modules/.gitkeep
76 silly gunzTarPerm extractEntry app/views/layouts/column_2.php
77 silly gunzTarPerm extractEntry app/views/layouts/main.php
78 silly gunzTarPerm extractEntry app/views/layouts/navbar.php
79 silly gunzTarPerm extractEntry app/views/layouts/ol_header.php
80 silly gunzTarPerm extractEntry app/views/layouts_column_2/fixed_navbar.php
81 silly gunzTarPerm extractEntry app/views/layouts_column_2/sidebar.php
82 silly gunzTarPerm extractEntry app/views/layouts_column_2/tabs.php
83 silly gunzTarPerm extractEntry app/views/script_header.php
84 silly gunzTarPerm extractEntry app/views/site/_toggle_buttons.php
85 silly gunzTarPerm extractEntry app/views/site/_activeForm.php
86 silly gunzTarPerm extractEntry app/views/site/_alerts.php
87 silly gunzTarPerm extractEntry app/views/site/_buttons.php
88 silly gunzTarPerm extractEntry app/views/site/_buttons_dropdown.php
89 silly gunzTarPerm extractEntry app/views/site/_buttons_group.php
90 silly gunzTarPerm extractEntry app/views/site/_chartjs.php
91 silly gunzTarPerm extractEntry app/views/site/_chartjs_sidebar.php
92 silly gunzTarPerm extractEntry app/views/site/_grid_view.php
93 silly gunzTarPerm extractEntry app/views/site/_middle_nav.php
94 silly gunzTarPerm extractEntry app/views/site/_pagination.php
95 silly gunzTarPerm extractEntry app/views/site/_progress.php
96 silly gunzTarPerm extractEntry app/views/site/_tabs.php
97 silly gunzTarPerm extractEntry app/views/site/_affix.php
98 silly gunzTarPerm extractEntry app/views/site/components/_glyphicons.php
99 silly gunzTarPerm extractEntry app/views/site/components/_sidebar.php
100 silly gunzTarPerm extractEntry app/views/site/components/_todo.php
101 silly gunzTarPerm extractEntry app/views/site/components.php
102 silly gunzTarPerm extractEntry app/views/site/contact.php
103 silly gunzTarPerm extractEntry app/views/site/css/_buttons.php
104 silly gunzTarPerm extractEntry app/views/site/css/_code.php
105 silly gunzTarPerm extractEntry app/views/site/css/_form.php
106 silly gunzTarPerm extractEntry app/views/site/css/_grid.php
107 silly gunzTarPerm extractEntry app/views/site/css/_helpers.php
108 silly gunzTarPerm extractEntry app/views/site/css/_images.php
109 silly gunzTarPerm extractEntry app/views/site/css/_overview.php
110 silly gunzTarPerm extractEntry app/views/site/css/_tables.php
111 silly gunzTarPerm extractEntry app/views/site/css/_typography.php
112 silly gunzTarPerm extractEntry app/views/site/css.php
113 silly gunzTarPerm extractEntry app/views/site/documentation.php
114 silly gunzTarPerm extractEntry app/views/site/error.php
115 silly gunzTarPerm extractEntry app/views/site/glyph_icons.php
116 silly gunzTarPerm extractEntry app/views/site/home.php
117 silly gunzTarPerm extractEntry app/views/site/icons.php
118 silly gunzTarPerm extractEntry app/views/site/index.php
119 silly gunzTarPerm extractEntry app/views/site/login.php
120 silly gunzTarPerm extractEntry app/views/yiiLog/_form.php
121 silly gunzTarPerm modified mode [ 'app/views/yiiLog/_form.php', 438, 420 ]
122 silly gunzTarPerm extractEntry app/views/yiiLog/_search.php
123 silly gunzTarPerm modified mode [ 'app/views/yiiLog/_search.php', 438, 420 ]
124 silly gunzTarPerm extractEntry app/views/yiiLog/_view.php
125 silly gunzTarPerm modified mode [ 'app/views/yiiLog/_view.php', 438, 420 ]
126 silly gunzTarPerm extractEntry app/views/yiiLog/admin.php
127 silly gunzTarPerm modified mode [ 'app/views/yiiLog/admin.php', 438, 420 ]
128 silly gunzTarPerm extractEntry app/views/yiiLog/create.php
129 silly gunzTarPerm modified mode [ 'app/views/yiiLog/create.php', 438, 420 ]
130 silly gunzTarPerm extractEntry app/views/yiiLog/index.php
131 silly gunzTarPerm modified mode [ 'app/views/yiiLog/index.php', 438, 420 ]
132 silly gunzTarPerm extractEntry app/views/yiiLog/update.php
133 silly gunzTarPerm modified mode [ 'app/views/yiiLog/update.php', 438, 420 ]
134 silly gunzTarPerm extractEntry app/views/yiiLog/view.php
135 silly gunzTarPerm modified mode [ 'app/views/yiiLog/view.php', 438, 420 ]
136 silly gunzTarPerm extractEntry app/widgets/.gitkeep
137 silly gunzTarPerm extractEntry www/dev/js/app.js
138 silly gunzTarPerm extractEntry www/dev/less/mixins.less
139 silly gunzTarPerm extractEntry www/dev/less/alerts.less
140 silly gunzTarPerm extractEntry www/dev/less/bootstrap-theme.less
141 silly gunzTarPerm extractEntry www/dev/less/bootstrap.less
142 silly gunzTarPerm extractEntry www/dev/less/breadcrumbs.less
143 silly gunzTarPerm extractEntry www/dev/less/button-groups.less
144 silly gunzTarPerm extractEntry www/dev/less/buttons.less
145 silly gunzTarPerm extractEntry www/dev/less/carousel.less
146 silly gunzTarPerm extractEntry www/dev/less/close.less
147 silly gunzTarPerm extractEntry www/dev/less/code.less
148 silly gunzTarPerm extractEntry www/dev/less/component-animations.less
149 silly gunzTarPerm extractEntry www/dev/less/dropdowns.less
150 silly gunzTarPerm extractEntry www/dev/less/forms.less
151 silly gunzTarPerm extractEntry www/dev/less/glyphicons.less
152 silly gunzTarPerm extractEntry www/dev/less/grid.less
153 silly gunzTarPerm extractEntry www/dev/less/input-groups.less
154 silly gunzTarPerm extractEntry www/dev/less/jumbotron.less
155 silly gunzTarPerm extractEntry www/dev/less/labels.less
156 silly gunzTarPerm extractEntry www/dev/less/list-group.less
157 silly gunzTarPerm extractEntry www/dev/less/media.less
158 silly gunzTarPerm extractEntry www/dev/less/badges.less
159 silly gunzTarPerm extractEntry www/dev/less/modals.less
160 silly gunzTarPerm extractEntry www/dev/less/navbar.less
161 silly gunzTarPerm extractEntry www/dev/less/navs.less
162 silly gunzTarPerm extractEntry www/dev/less/normalize.less
163 silly gunzTarPerm extractEntry www/dev/less/pager.less
164 silly gunzTarPerm extractEntry www/dev/less/pagination.less
165 silly gunzTarPerm extractEntry www/dev/less/panels.less
166 silly gunzTarPerm extractEntry www/dev/less/popovers.less
167 silly gunzTarPerm extractEntry www/dev/less/print.less
168 silly gunzTarPerm extractEntry www/dev/less/progress-bars.less
169 silly gunzTarPerm extractEntry www/dev/less/responsive-utilities.less
170 silly gunzTarPerm extractEntry www/dev/less/scaffolding.less
171 silly gunzTarPerm extractEntry www/dev/less/tables.less
172 silly gunzTarPerm extractEntry www/dev/less/theme.less
173 silly gunzTarPerm extractEntry www/dev/less/thumbnails.less
174 silly gunzTarPerm extractEntry www/dev/less/tooltip.less
175 silly gunzTarPerm extractEntry www/dev/less/type.less
176 silly gunzTarPerm extractEntry www/dev/less/utilities.less
177 silly gunzTarPerm extractEntry www/dev/less/variables.less
178 silly gunzTarPerm extractEntry www/dev/less/wells.less
179 silly gunzTarPerm extractEntry www/.htaccess
180 silly gunzTarPerm extractEntry www/apple-touch-icon-57x57-precomposed.png
181 silly gunzTarPerm extractEntry www/apple-touch-icon-72x72-precomposed.png
182 silly gunzTarPerm extractEntry www/apple-touch-icon-precomposed.png
183 silly gunzTarPerm extractEntry www/apple-touch-icon.png
184 silly gunzTarPerm extractEntry www/class_reference/elementlist-ck.js
185 silly gunzTarPerm extractEntry www/class_reference/elementlist.js
186 silly gunzTarPerm modified mode [ 'www/class_reference/elementlist.js', 438, 420 ]
187 silly gunzTarPerm extractEntry www/class_reference/namespace-None.html
188 silly gunzTarPerm modified mode [ 'www/class_reference/namespace-None.html', 438, 420 ]
189 silly gunzTarPerm extractEntry www/class_reference/class-BootStrapModule.html
190 silly gunzTarPerm modified mode [ 'www/class_reference/class-BootStrapModule.html', 438, 420 ]
191 silly gunzTarPerm extractEntry www/class_reference/class-BootstrapCode.html
192 silly gunzTarPerm modified mode [ 'www/class_reference/class-BootstrapCode.html', 438, 420 ]
193 silly gunzTarPerm extractEntry www/class_reference/class-BootstrapGenerator.html
194 silly gunzTarPerm modified mode [ 'www/class_reference/class-BootstrapGenerator.html', 438, 420 ]
195 silly gunzTarPerm extractEntry www/class_reference/class-BsActiveForm.html
196 silly gunzTarPerm modified mode [ 'www/class_reference/class-BsActiveForm.html', 438, 420 ]
197 silly gunzTarPerm extractEntry www/class_reference/class-BsButtonColumn.html
198 silly gunzTarPerm modified mode [ 'www/class_reference/class-BsButtonColumn.html', 438, 420 ]
199 silly gunzTarPerm extractEntry www/class_reference/class-BsDataColumn.html
200 silly gunzTarPerm modified mode [ 'www/class_reference/class-BsDataColumn.html', 438, 420 ]
201 silly gunzTarPerm extractEntry www/class_reference/class-BsGridView.html
202 silly gunzTarPerm modified mode [ 'www/class_reference/class-BsGridView.html', 438, 420 ]
203 silly gunzTarPerm extractEntry www/class_reference/class-BsListView.html
204 silly gunzTarPerm modified mode [ 'www/class_reference/class-BsListView.html', 438, 420 ]
205 silly gunzTarPerm extractEntry www/class_reference/class-BsModal.html
206 silly gunzTarPerm modified mode [ 'www/class_reference/class-BsModal.html', 438, 420 ]
207 silly gunzTarPerm extractEntry www/class_reference/class-BsNav.html
208 silly gunzTarPerm modified mode [ 'www/class_reference/class-BsNav.html', 438, 420 ]
209 silly gunzTarPerm extractEntry www/class_reference/class-BsNavbar.html
210 silly gunzTarPerm modified mode [ 'www/class_reference/class-BsNavbar.html', 438, 420 ]
211 silly gunzTarPerm extractEntry www/class_reference/class-BsPager.html
212 silly gunzTarPerm modified mode [ 'www/class_reference/class-BsPager.html', 438, 420 ]
213 silly gunzTarPerm extractEntry www/class_reference/class-BsWidget.html
214 silly gunzTarPerm modified mode [ 'www/class_reference/class-BsWidget.html', 438, 420 ]
215 silly gunzTarPerm extractEntry www/class_reference/class-ChBars.html
216 silly gunzTarPerm modified mode [ 'www/class_reference/class-ChBars.html', 438, 420 ]
217 silly gunzTarPerm extractEntry www/class_reference/class-ChDoughnut.html
218 silly gunzTarPerm modified mode [ 'www/class_reference/class-ChDoughnut.html', 438, 420 ]
219 silly gunzTarPerm extractEntry www/class_reference/class-ChLine.html
220 silly gunzTarPerm modified mode [ 'www/class_reference/class-ChLine.html', 438, 420 ]
221 silly gunzTarPerm extractEntry www/class_reference/class-ChPie.html
222 silly gunzTarPerm modified mode [ 'www/class_reference/class-ChPie.html', 438, 420 ]
223 silly gunzTarPerm extractEntry www/class_reference/class-ChPolar.html
224 silly gunzTarPerm modified mode [ 'www/class_reference/class-ChPolar.html', 438, 420 ]
225 silly gunzTarPerm extractEntry www/class_reference/class-ChRadar.html
226 silly gunzTarPerm modified mode [ 'www/class_reference/class-ChRadar.html', 438, 420 ]
227 silly gunzTarPerm extractEntry www/class_reference/class-ChartJs.html
228 silly gunzTarPerm modified mode [ 'www/class_reference/class-ChartJs.html', 438, 420 ]
229 silly gunzTarPerm extractEntry www/class_reference/class-IButton.html
230 silly gunzTarPerm modified mode [ 'www/class_reference/class-IButton.html', 438, 420 ]
231 silly gunzTarPerm extractEntry www/class_reference/class-MNav.html
232 silly gunzTarPerm modified mode [ 'www/class_reference/class-MNav.html', 438, 420 ]
233 silly gunzTarPerm extractEntry www/class_reference/class-Person.html
234 silly gunzTarPerm modified mode [ 'www/class_reference/class-Person.html', 438, 420 ]
235 silly gunzTarPerm extractEntry www/class_reference/class-YiiLog.html
236 silly gunzTarPerm modified mode [ 'www/class_reference/class-YiiLog.html', 438, 420 ]
237 silly gunzTarPerm extractEntry www/class_reference/class-bootstrap.helpers.BSArray.html
238 silly gunzTarPerm modified mode [ 'www/class_reference/class-bootstrap.helpers.BSArray.html',
238 silly gunzTarPerm   438,
238 silly gunzTarPerm   420 ]
239 silly gunzTarPerm extractEntry www/class_reference/class-bootstrap.helpers.NavPartial.html
240 silly gunzTarPerm modified mode [ 'www/class_reference/class-bootstrap.helpers.NavPartial.html',
240 silly gunzTarPerm   438,
240 silly gunzTarPerm   420 ]
241 silly gunzTarPerm extractEntry www/class_reference/404.html
242 silly gunzTarPerm modified mode [ 'www/class_reference/404.html', 438, 420 ]
243 silly gunzTarPerm extractEntry www/class_reference/class-BSHtml.html
244 silly gunzTarPerm modified mode [ 'www/class_reference/class-BSHtml.html', 438, 420 ]
245 silly gunzTarPerm extractEntry www/class_reference/index.html
246 silly gunzTarPerm modified mode [ 'www/class_reference/index.html', 438, 420 ]
247 silly gunzTarPerm extractEntry www/class_reference/class-BSApi.html
248 silly gunzTarPerm modified mode [ 'www/class_reference/class-BSApi.html', 438, 420 ]
249 silly gunzTarPerm extractEntry www/class_reference/namespace-bootstrap.helpers.html
250 silly gunzTarPerm modified mode [ 'www/class_reference/namespace-bootstrap.helpers.html',
250 silly gunzTarPerm   438,
250 silly gunzTarPerm   420 ]
251 silly gunzTarPerm extractEntry www/class_reference/namespace-bootstrap.html
252 silly gunzTarPerm modified mode [ 'www/class_reference/namespace-bootstrap.html', 438, 420 ]
253 silly gunzTarPerm extractEntry www/class_reference/resources/combined.js
254 silly gunzTarPerm modified mode [ 'www/class_reference/resources/combined.js', 438, 420 ]
255 silly gunzTarPerm extractEntry www/class_reference/resources/combined-ck.js
256 silly gunzTarPerm extractEntry www/class_reference/resources/sort.png
257 silly gunzTarPerm modified mode [ 'www/class_reference/resources/sort.png', 438, 420 ]
258 silly gunzTarPerm extractEntry www/class_reference/resources/footer.png
259 silly gunzTarPerm modified mode [ 'www/class_reference/resources/footer.png', 438, 420 ]
260 silly gunzTarPerm extractEntry www/class_reference/resources/inherit.png
261 silly gunzTarPerm modified mode [ 'www/class_reference/resources/inherit.png', 438, 420 ]
262 silly gunzTarPerm extractEntry www/class_reference/resources/resize.png
263 silly gunzTarPerm modified mode [ 'www/class_reference/resources/resize.png', 438, 420 ]
264 silly gunzTarPerm extractEntry www/class_reference/resources/collapsed.png
265 silly gunzTarPerm modified mode [ 'www/class_reference/resources/collapsed.png', 438, 420 ]
266 silly gunzTarPerm extractEntry www/class_reference/resources/style.css
267 silly gunzTarPerm modified mode [ 'www/class_reference/resources/style.css', 438, 420 ]
268 silly gunzTarPerm extractEntry www/class_reference/resources/tree-cleaner.png
269 silly gunzTarPerm modified mode [ 'www/class_reference/resources/tree-cleaner.png', 438, 420 ]
270 silly gunzTarPerm extractEntry www/class_reference/resources/tree-hasnext.png
271 silly gunzTarPerm modified mode [ 'www/class_reference/resources/tree-hasnext.png', 438, 420 ]
272 silly gunzTarPerm extractEntry www/class_reference/resources/tree-last.png
273 silly gunzTarPerm modified mode [ 'www/class_reference/resources/tree-last.png', 438, 420 ]
274 silly gunzTarPerm extractEntry www/class_reference/resources/tree-vertical.png
275 silly gunzTarPerm modified mode [ 'www/class_reference/resources/tree-vertical.png', 438, 420 ]
276 silly gunzTarPerm extractEntry www/class_reference/source-class-BSApi.html
277 silly gunzTarPerm modified mode [ 'www/class_reference/source-class-BSApi.html', 438, 420 ]
278 silly gunzTarPerm extractEntry www/class_reference/source-class-BSHtml.html
279 silly gunzTarPerm modified mode [ 'www/class_reference/source-class-BSHtml.html', 438, 420 ]
280 silly gunzTarPerm extractEntry www/class_reference/source-class-BootStrapModule.html
281 silly gunzTarPerm modified mode [ 'www/class_reference/source-class-BootStrapModule.html',
281 silly gunzTarPerm   438,
281 silly gunzTarPerm   420 ]
282 silly gunzTarPerm extractEntry www/class_reference/source-class-BootstrapCode.html
283 silly gunzTarPerm modified mode [ 'www/class_reference/source-class-BootstrapCode.html',
283 silly gunzTarPerm   438,
283 silly gunzTarPerm   420 ]
284 silly gunzTarPerm extractEntry www/class_reference/source-class-BootstrapGenerator.html
285 silly gunzTarPerm modified mode [ 'www/class_reference/source-class-BootstrapGenerator.html',
285 silly gunzTarPerm   438,
285 silly gunzTarPerm   420 ]
286 silly gunzTarPerm extractEntry www/class_reference/source-class-BsActiveForm.html
287 silly gunzTarPerm modified mode [ 'www/class_reference/source-class-BsActiveForm.html',
287 silly gunzTarPerm   438,
287 silly gunzTarPerm   420 ]
288 silly gunzTarPerm extractEntry www/class_reference/source-class-BsButtonColumn.html
289 silly gunzTarPerm modified mode [ 'www/class_reference/source-class-BsButtonColumn.html',
289 silly gunzTarPerm   438,
289 silly gunzTarPerm   420 ]
290 silly gunzTarPerm extractEntry www/class_reference/source-class-BsDataColumn.html
291 silly gunzTarPerm modified mode [ 'www/class_reference/source-class-BsDataColumn.html',
291 silly gunzTarPerm   438,
291 silly gunzTarPerm   420 ]
292 silly gunzTarPerm extractEntry www/class_reference/source-class-BsGridView.html
293 silly gunzTarPerm modified mode [ 'www/class_reference/source-class-BsGridView.html', 438, 420 ]
294 silly gunzTarPerm extractEntry www/class_reference/source-class-BsListView.html
295 silly gunzTarPerm modified mode [ 'www/class_reference/source-class-BsListView.html', 438, 420 ]
296 silly gunzTarPerm extractEntry www/class_reference/source-class-BsModal.html
297 silly gunzTarPerm modified mode [ 'www/class_reference/source-class-BsModal.html', 438, 420 ]
298 silly gunzTarPerm extractEntry www/class_reference/source-class-BsNav.html
299 silly gunzTarPerm modified mode [ 'www/class_reference/source-class-BsNav.html', 438, 420 ]
300 silly gunzTarPerm extractEntry www/class_reference/source-class-BsNavbar.html
301 silly gunzTarPerm modified mode [ 'www/class_reference/source-class-BsNavbar.html', 438, 420 ]
302 silly gunzTarPerm extractEntry www/class_reference/source-class-BsPager.html
303 silly gunzTarPerm modified mode [ 'www/class_reference/source-class-BsPager.html', 438, 420 ]
304 silly gunzTarPerm extractEntry www/class_reference/source-class-BsWidget.html
305 silly gunzTarPerm modified mode [ 'www/class_reference/source-class-BsWidget.html', 438, 420 ]
306 silly gunzTarPerm extractEntry www/class_reference/source-class-ChBars.html
307 silly gunzTarPerm modified mode [ 'www/class_reference/source-class-ChBars.html', 438, 420 ]
308 silly gunzTarPerm extractEntry www/class_reference/source-class-ChDoughnut.html
309 silly gunzTarPerm modified mode [ 'www/class_reference/source-class-ChDoughnut.html', 438, 420 ]
310 silly gunzTarPerm extractEntry www/class_reference/source-class-ChLine.html
311 silly gunzTarPerm modified mode [ 'www/class_reference/source-class-ChLine.html', 438, 420 ]
312 silly gunzTarPerm extractEntry www/class_reference/source-class-ChPie.html
313 silly gunzTarPerm modified mode [ 'www/class_reference/source-class-ChPie.html', 438, 420 ]
314 silly gunzTarPerm extractEntry www/class_reference/source-class-ChPolar.html
315 silly gunzTarPerm modified mode [ 'www/class_reference/source-class-ChPolar.html', 438, 420 ]
316 silly gunzTarPerm extractEntry www/class_reference/source-class-ChRadar.html
317 silly gunzTarPerm modified mode [ 'www/class_reference/source-class-ChRadar.html', 438, 420 ]
318 silly gunzTarPerm extractEntry www/class_reference/source-class-ChartJs.html
319 silly gunzTarPerm modified mode [ 'www/class_reference/source-class-ChartJs.html', 438, 420 ]
320 silly gunzTarPerm extractEntry www/class_reference/source-class-IButton.html
321 silly gunzTarPerm modified mode [ 'www/class_reference/source-class-IButton.html', 438, 420 ]
322 silly gunzTarPerm extractEntry www/class_reference/source-class-MNav.html
323 silly gunzTarPerm modified mode [ 'www/class_reference/source-class-MNav.html', 438, 420 ]
324 silly gunzTarPerm extractEntry www/class_reference/source-class-Person.html
325 silly gunzTarPerm modified mode [ 'www/class_reference/source-class-Person.html', 438, 420 ]
326 silly gunzTarPerm extractEntry www/class_reference/source-class-YiiLog.html
327 silly gunzTarPerm modified mode [ 'www/class_reference/source-class-YiiLog.html', 438, 420 ]
328 silly gunzTarPerm extractEntry www/class_reference/source-class-bootstrap.helpers.BSArray.html
329 silly gunzTarPerm modified mode [ 'www/class_reference/source-class-bootstrap.helpers.BSArray.html',
329 silly gunzTarPerm   438,
329 silly gunzTarPerm   420 ]
330 silly gunzTarPerm extractEntry www/class_reference/source-class-bootstrap.helpers.NavPartial.html
331 silly gunzTarPerm modified mode [ 'www/class_reference/source-class-bootstrap.helpers.NavPartial.html',
331 silly gunzTarPerm   438,
331 silly gunzTarPerm   420 ]
332 silly gunzTarPerm extractEntry www/class_reference/tree.html
333 silly gunzTarPerm modified mode [ 'www/class_reference/tree.html', 438, 420 ]
334 silly gunzTarPerm extractEntry www/css/bootstrap-theme.css
335 silly gunzTarPerm extractEntry www/css/bootstrap.css
336 silly gunzTarPerm extractEntry www/css/bootstrap.min.css
337 silly gunzTarPerm extractEntry www/apple-touch-icon-114x114-precomposed.png
338 silly gunzTarPerm extractEntry www/favicon.ico
339 silly gunzTarPerm extractEntry www/fonts/glyphicons-halflings-regular.eot
340 silly gunzTarPerm extractEntry www/fonts/glyphicons-halflings-regular.svg
341 silly gunzTarPerm extractEntry www/fonts/glyphicons-halflings-regular.ttf
342 silly gunzTarPerm extractEntry www/fonts/glyphicons-halflings-regular.woff
343 silly gunzTarPerm extractEntry www/humans.txt
344 silly gunzTarPerm extractEntry www/img/grid_@2X.png
345 silly gunzTarPerm extractEntry www/img/bitbucket_logo_landing.png
346 silly gunzTarPerm extractEntry www/img/bootstrap.png
347 silly gunzTarPerm extractEntry www/img/brushed.png
348 silly gunzTarPerm extractEntry www/img/cardboard.png
349 silly gunzTarPerm extractEntry www/img/cardboard_@2X.png
350 silly gunzTarPerm extractEntry www/img/github-logo.png
351 silly gunzTarPerm extractEntry www/img/grid.png
352 silly gunzTarPerm extractEntry www/img/bodybg.png
353 silly gunzTarPerm extractEntry www/img/logo.png
354 silly gunzTarPerm extractEntry www/img/tweed.png
355 silly gunzTarPerm extractEntry www/img/tweed_@2X.png
356 silly gunzTarPerm extractEntry www/img/white_paperboard.png
357 silly gunzTarPerm extractEntry www/img/white_paperboard_@2X.png
358 silly gunzTarPerm extractEntry www/img/wild_oliva.png
359 silly gunzTarPerm extractEntry www/img/wild_oliva_@2X.png
360 silly gunzTarPerm extractEntry www/img/yii.png
361 silly gunzTarPerm extractEntry www/index.php
362 silly gunzTarPerm extractEntry www/js/app-min.js
363 silly gunzTarPerm extractEntry www/js/bootstrap.js
364 silly gunzTarPerm extractEntry www/js/bootstrap.min.js
365 silly gunzTarPerm extractEntry www/js/holder.js
366 silly gunzTarPerm extractEntry www/js/html5shiv.js
367 silly gunzTarPerm extractEntry www/js/libs/modernizr-2.6.2-respond-1.1.0.min.js
368 silly gunzTarPerm extractEntry www/js/libs/prettify.js
369 silly gunzTarPerm extractEntry www/pull.php
370 silly gunzTarPerm extractEntry www/robots.txt
371 silly gunzTarPerm extractEntry yiic
372 silly gunzTarPerm extractEntry yiic.bat
373 silly lockFile 71412391-72923-0-6850927995983511-package tar:///var/folders/lv/88pz5hxs2h3gggbx3kzp6t0h0000gp/T/npm-78416-uuu_d9_7/1381272972923-0.6850927995983511/package
374 silly lockFile 71412391-72923-0-6850927995983511-package tar:///var/folders/lv/88pz5hxs2h3gggbx3kzp6t0h0000gp/T/npm-78416-uuu_d9_7/1381272972923-0.6850927995983511/package
375 silly lockFile 6a41841e-72923-0-6850927995983511-tmp-tgz tar:///var/folders/lv/88pz5hxs2h3gggbx3kzp6t0h0000gp/T/npm-78416-uuu_d9_7/1381272972923-0.6850927995983511/tmp.tgz
376 silly lockFile 6a41841e-72923-0-6850927995983511-tmp-tgz tar:///var/folders/lv/88pz5hxs2h3gggbx3kzp6t0h0000gp/T/npm-78416-uuu_d9_7/1381272972923-0.6850927995983511/tmp.tgz
377 verbose tar pack [ '/Users/pascal/.npm/bootstrap-example/0.0.5/package.tgz',
377 verbose tar pack   '/var/folders/lv/88pz5hxs2h3gggbx3kzp6t0h0000gp/T/npm-78416-uuu_d9_7/1381272972923-0.6850927995983511/package' ]
378 verbose tarball /Users/pascal/.npm/bootstrap-example/0.0.5/package.tgz
379 verbose folder /var/folders/lv/88pz5hxs2h3gggbx3kzp6t0h0000gp/T/npm-78416-uuu_d9_7/1381272972923-0.6850927995983511/package
380 silly lockFile 71412391-72923-0-6850927995983511-package tar:///var/folders/lv/88pz5hxs2h3gggbx3kzp6t0h0000gp/T/npm-78416-uuu_d9_7/1381272972923-0.6850927995983511/package
381 verbose lock tar:///var/folders/lv/88pz5hxs2h3gggbx3kzp6t0h0000gp/T/npm-78416-uuu_d9_7/1381272972923-0.6850927995983511/package /Users/pascal/.npm/71412391-72923-0-6850927995983511-package.lock
382 silly lockFile 523c4eca-tstrap-example-0-0-5-package-tgz tar:///Users/pascal/.npm/bootstrap-example/0.0.5/package.tgz
383 verbose lock tar:///Users/pascal/.npm/bootstrap-example/0.0.5/package.tgz /Users/pascal/.npm/523c4eca-tstrap-example-0-0-5-package-tgz.lock
384 silly lockFile 71412391-72923-0-6850927995983511-package tar:///var/folders/lv/88pz5hxs2h3gggbx3kzp6t0h0000gp/T/npm-78416-uuu_d9_7/1381272972923-0.6850927995983511/package
385 silly lockFile 71412391-72923-0-6850927995983511-package tar:///var/folders/lv/88pz5hxs2h3gggbx3kzp6t0h0000gp/T/npm-78416-uuu_d9_7/1381272972923-0.6850927995983511/package
386 silly lockFile 523c4eca-tstrap-example-0-0-5-package-tgz tar:///Users/pascal/.npm/bootstrap-example/0.0.5/package.tgz
387 silly lockFile 523c4eca-tstrap-example-0-0-5-package-tgz tar:///Users/pascal/.npm/bootstrap-example/0.0.5/package.tgz
388 silly lockFile ca9e7b4c--bootstrap-example-0-0-5-package /Users/pascal/.npm/bootstrap-example/0.0.5/package
389 verbose lock /Users/pascal/.npm/bootstrap-example/0.0.5/package /Users/pascal/.npm/ca9e7b4c--bootstrap-example-0-0-5-package.lock
390 silly lockFile ca9e7b4c--bootstrap-example-0-0-5-package /Users/pascal/.npm/bootstrap-example/0.0.5/package
391 silly lockFile ca9e7b4c--bootstrap-example-0-0-5-package /Users/pascal/.npm/bootstrap-example/0.0.5/package
392 verbose tar unpack /Users/pascal/.npm/bootstrap-example/0.0.5/package.tgz
393 silly lockFile 16916462--bootstrap-example-0-0-5-package tar:///Users/pascal/.npm/bootstrap-example/0.0.5/package
394 verbose lock tar:///Users/pascal/.npm/bootstrap-example/0.0.5/package /Users/pascal/.npm/16916462--bootstrap-example-0-0-5-package.lock
395 silly lockFile 523c4eca-tstrap-example-0-0-5-package-tgz tar:///Users/pascal/.npm/bootstrap-example/0.0.5/package.tgz
396 verbose lock tar:///Users/pascal/.npm/bootstrap-example/0.0.5/package.tgz /Users/pascal/.npm/523c4eca-tstrap-example-0-0-5-package-tgz.lock
397 silly gunzTarPerm modes [ '755', '644' ]
398 silly gunzTarPerm extractEntry package.json
399 silly gunzTarPerm extractEntry .npmignore
400 silly gunzTarPerm extractEntry README.md
401 silly gunzTarPerm extractEntry Gruntfile.js
402 silly gunzTarPerm extractEntry composer.json
403 silly gunzTarPerm extractEntry yiic.php
404 silly gunzTarPerm extractEntry app/helpers/.gitkeep
405 silly gunzTarPerm extractEntry app/.htaccess
406 silly gunzTarPerm extractEntry app/components/UserIdentity.php
407 silly gunzTarPerm extractEntry app/config/common.php
408 silly gunzTarPerm extractEntry app/config/console.php
409 silly gunzTarPerm extractEntry app/config/env/dev.php
410 silly gunzTarPerm extractEntry app/config/main.php
411 silly gunzTarPerm extractEntry app/config/test.php
412 silly gunzTarPerm extractEntry app/controllers/SiteController.php
413 silly gunzTarPerm extractEntry app/controllers/YiiLogController.php
414 silly gunzTarPerm extractEntry app/data/.gitkeep
415 silly gunzTarPerm extractEntry app/data/blog-test.db
416 silly gunzTarPerm extractEntry app/data/blog.db
417 silly gunzTarPerm extractEntry app/data/dbgen.php
418 silly gunzTarPerm extractEntry app/data/schema.mysql.sql
419 silly gunzTarPerm extractEntry app/data/schema.sqlite.sql
420 silly gunzTarPerm extractEntry app/extensions/behaviors/.gitkeep
421 silly gunzTarPerm extractEntry app/extensions/components/EActiveRecord.php
422 silly gunzTarPerm extractEntry app/extensions/components/EController.php
423 silly gunzTarPerm extractEntry app/extensions/components/EWebApplication.php
424 silly gunzTarPerm extractEntry app/cli/commands/.gitkeep
425 silly gunzTarPerm extractEntry app/cli/migrations/.gitkeep
426 silly gunzTarPerm extractEntry app/lib/Yiinitializr/README.md
427 silly gunzTarPerm extractEntry app/lib/Yiinitializr/LICENSE
428 silly gunzTarPerm extractEntry app/lib/Yiinitializr/CHANGELOG
429 silly gunzTarPerm extractEntry app/lib/Yiinitializr/Cli/Console.php
430 silly gunzTarPerm extractEntry app/lib/Yiinitializr/Cli/Daemon.php
431 silly gunzTarPerm extractEntry app/lib/Yiinitializr/Composer/Callback.php
432 silly gunzTarPerm extractEntry app/lib/Yiinitializr/Helpers/ArrayX.php
433 silly gunzTarPerm extractEntry app/lib/Yiinitializr/Helpers/Config.php
434 silly gunzTarPerm extractEntry app/lib/Yiinitializr/Helpers/Initializer.php
435 silly gunzTarPerm extractEntry app/lib/Yiinitializr/composer.json
436 silly gunzTarPerm extractEntry app/lib/Yiinitializr/config/console.php
437 silly gunzTarPerm extractEntry app/lib/Yiinitializr/config/settings.php
438 silly gunzTarPerm extractEntry app/messages/.gitkeep
439 silly gunzTarPerm extractEntry app/models/.gitkeep
440 silly gunzTarPerm extractEntry app/models/ContactForm.php
441 silly gunzTarPerm extractEntry app/models/User.php
442 silly gunzTarPerm extractEntry app/models/YiiLog.php
443 silly gunzTarPerm extractEntry app/modules/.gitkeep
444 silly gunzTarPerm extractEntry app/views/layouts/column_2.php
445 silly gunzTarPerm extractEntry app/views/layouts/main.php
446 silly gunzTarPerm extractEntry app/views/layouts/navbar.php
447 silly gunzTarPerm extractEntry app/views/layouts/ol_header.php
448 silly gunzTarPerm extractEntry app/views/layouts_column_2/fixed_navbar.php
449 silly gunzTarPerm extractEntry app/views/layouts_column_2/sidebar.php
450 silly gunzTarPerm extractEntry app/views/layouts_column_2/tabs.php
451 silly gunzTarPerm extractEntry app/views/script_header.php
452 silly gunzTarPerm extractEntry app/views/site/_toggle_buttons.php
453 silly gunzTarPerm extractEntry app/views/site/_activeForm.php
454 silly gunzTarPerm extractEntry app/views/site/_alerts.php
455 silly gunzTarPerm extractEntry app/views/site/_buttons.php
456 silly gunzTarPerm extractEntry app/views/site/_buttons_dropdown.php
457 silly gunzTarPerm extractEntry app/views/site/_buttons_group.php
458 silly gunzTarPerm extractEntry app/views/site/_chartjs.php
459 silly gunzTarPerm extractEntry app/views/site/_chartjs_sidebar.php
460 silly gunzTarPerm extractEntry app/views/site/_grid_view.php
461 silly gunzTarPerm extractEntry app/views/site/_middle_nav.php
462 silly gunzTarPerm extractEntry app/views/site/_pagination.php
463 silly gunzTarPerm extractEntry app/views/site/_progress.php
464 silly gunzTarPerm extractEntry app/views/site/_tabs.php
465 silly gunzTarPerm extractEntry app/views/site/_affix.php
466 silly gunzTarPerm extractEntry app/views/site/components/_glyphicons.php
467 silly gunzTarPerm extractEntry app/views/site/components/_sidebar.php
468 silly gunzTarPerm extractEntry app/views/site/components/_todo.php
469 silly gunzTarPerm extractEntry app/views/site/components.php
470 silly gunzTarPerm extractEntry app/views/site/contact.php
471 silly gunzTarPerm extractEntry app/views/site/css/_buttons.php
472 silly gunzTarPerm extractEntry app/views/site/css/_code.php
473 silly gunzTarPerm extractEntry app/views/site/css/_form.php
474 silly gunzTarPerm extractEntry app/views/site/css/_grid.php
475 silly gunzTarPerm extractEntry app/views/site/css/_helpers.php
476 silly gunzTarPerm extractEntry app/views/site/css/_images.php
477 silly gunzTarPerm extractEntry app/views/site/css/_overview.php
478 silly gunzTarPerm extractEntry app/views/site/css/_tables.php
479 silly gunzTarPerm extractEntry app/views/site/css/_typography.php
480 silly gunzTarPerm extractEntry app/views/site/css.php
481 silly gunzTarPerm extractEntry app/views/site/documentation.php
482 silly gunzTarPerm extractEntry app/views/site/error.php
483 silly gunzTarPerm extractEntry app/views/site/glyph_icons.php
484 silly gunzTarPerm extractEntry app/views/site/home.php
485 silly gunzTarPerm extractEntry app/views/site/icons.php
486 silly gunzTarPerm extractEntry app/views/site/index.php
487 silly gunzTarPerm extractEntry app/views/site/login.php
488 silly gunzTarPerm extractEntry app/views/yiiLog/_form.php
489 silly gunzTarPerm extractEntry app/views/yiiLog/_search.php
490 silly gunzTarPerm extractEntry app/views/yiiLog/_view.php
491 silly gunzTarPerm extractEntry app/views/yiiLog/admin.php
492 silly gunzTarPerm extractEntry app/views/yiiLog/create.php
493 silly gunzTarPerm extractEntry app/views/yiiLog/index.php
494 silly gunzTarPerm extractEntry app/views/yiiLog/update.php
495 silly gunzTarPerm extractEntry app/views/yiiLog/view.php
496 silly gunzTarPerm extractEntry app/widgets/.gitkeep
497 silly gunzTarPerm extractEntry www/dev/js/app.js
498 silly gunzTarPerm extractEntry www/dev/less/mixins.less
499 silly gunzTarPerm extractEntry www/dev/less/alerts.less
500 silly gunzTarPerm extractEntry www/dev/less/bootstrap-theme.less
501 silly gunzTarPerm extractEntry www/dev/less/bootstrap.less
502 silly gunzTarPerm extractEntry www/dev/less/breadcrumbs.less
503 silly gunzTarPerm extractEntry www/dev/less/button-groups.less
504 silly gunzTarPerm extractEntry www/dev/less/buttons.less
505 silly gunzTarPerm extractEntry www/dev/less/carousel.less
506 silly gunzTarPerm extractEntry www/dev/less/close.less
507 silly gunzTarPerm extractEntry www/dev/less/code.less
508 silly gunzTarPerm extractEntry www/dev/less/component-animations.less
509 silly gunzTarPerm extractEntry www/dev/less/dropdowns.less
510 silly gunzTarPerm extractEntry www/dev/less/forms.less
511 silly gunzTarPerm extractEntry www/dev/less/glyphicons.less
512 silly gunzTarPerm extractEntry www/dev/less/grid.less
513 silly gunzTarPerm extractEntry www/dev/less/input-groups.less
514 silly gunzTarPerm extractEntry www/dev/less/jumbotron.less
515 silly gunzTarPerm extractEntry www/dev/less/labels.less
516 silly gunzTarPerm extractEntry www/dev/less/list-group.less
517 silly gunzTarPerm extractEntry www/dev/less/media.less
518 silly gunzTarPerm extractEntry www/dev/less/badges.less
519 silly gunzTarPerm extractEntry www/dev/less/modals.less
520 silly gunzTarPerm extractEntry www/dev/less/navbar.less
521 silly gunzTarPerm extractEntry www/dev/less/navs.less
522 silly gunzTarPerm extractEntry www/dev/less/normalize.less
523 silly gunzTarPerm extractEntry www/dev/less/pager.less
524 silly gunzTarPerm extractEntry www/dev/less/pagination.less
525 silly gunzTarPerm extractEntry www/dev/less/panels.less
526 silly gunzTarPerm extractEntry www/dev/less/popovers.less
527 silly gunzTarPerm extractEntry www/dev/less/print.less
528 silly gunzTarPerm extractEntry www/dev/less/progress-bars.less
529 silly gunzTarPerm extractEntry www/dev/less/responsive-utilities.less
530 silly gunzTarPerm extractEntry www/dev/less/scaffolding.less
531 silly gunzTarPerm extractEntry www/dev/less/tables.less
532 silly gunzTarPerm extractEntry www/dev/less/theme.less
533 silly gunzTarPerm extractEntry www/dev/less/thumbnails.less
534 silly gunzTarPerm extractEntry www/dev/less/tooltip.less
535 silly gunzTarPerm extractEntry www/dev/less/type.less
536 silly gunzTarPerm extractEntry www/dev/less/utilities.less
537 silly gunzTarPerm extractEntry www/dev/less/variables.less
538 silly gunzTarPerm extractEntry www/dev/less/wells.less
539 silly gunzTarPerm extractEntry www/.htaccess
540 silly gunzTarPerm extractEntry www/apple-touch-icon-57x57-precomposed.png
541 silly gunzTarPerm extractEntry www/apple-touch-icon-72x72-precomposed.png
542 silly gunzTarPerm extractEntry www/apple-touch-icon-precomposed.png
543 silly gunzTarPerm extractEntry www/apple-touch-icon.png
544 silly gunzTarPerm extractEntry www/class_reference/elementlist-ck.js
545 silly gunzTarPerm extractEntry www/class_reference/elementlist.js
546 silly gunzTarPerm extractEntry www/class_reference/namespace-None.html
547 silly gunzTarPerm extractEntry www/class_reference/class-BootStrapModule.html
548 silly gunzTarPerm extractEntry www/class_reference/class-BootstrapCode.html
549 silly gunzTarPerm extractEntry www/class_reference/class-BootstrapGenerator.html
550 silly gunzTarPerm extractEntry www/class_reference/class-BsActiveForm.html
551 silly gunzTarPerm extractEntry www/class_reference/class-BsButtonColumn.html
552 silly gunzTarPerm extractEntry www/class_reference/class-BsDataColumn.html
553 silly gunzTarPerm extractEntry www/class_reference/class-BsGridView.html
554 silly gunzTarPerm extractEntry www/class_reference/class-BsListView.html
555 silly gunzTarPerm extractEntry www/class_reference/class-BsModal.html
556 silly gunzTarPerm extractEntry www/class_reference/class-BsNav.html
557 silly gunzTarPerm extractEntry www/class_reference/class-BsNavbar.html
558 silly gunzTarPerm extractEntry www/class_reference/class-BsPager.html
559 silly gunzTarPerm extractEntry www/class_reference/class-BsWidget.html
560 silly gunzTarPerm extractEntry www/class_reference/class-ChBars.html
561 silly gunzTarPerm extractEntry www/class_reference/class-ChDoughnut.html
562 silly gunzTarPerm extractEntry www/class_reference/class-ChLine.html
563 silly gunzTarPerm extractEntry www/class_reference/class-ChPie.html
564 silly gunzTarPerm extractEntry www/class_reference/class-ChPolar.html
565 silly gunzTarPerm extractEntry www/class_reference/class-ChRadar.html
566 silly gunzTarPerm extractEntry www/class_reference/class-ChartJs.html
567 silly gunzTarPerm extractEntry www/class_reference/class-IButton.html
568 silly gunzTarPerm extractEntry www/class_reference/class-MNav.html
569 silly gunzTarPerm extractEntry www/class_reference/class-Person.html
570 silly gunzTarPerm extractEntry www/class_reference/class-YiiLog.html
571 silly gunzTarPerm extractEntry www/class_reference/class-bootstrap.helpers.BSArray.html
572 silly gunzTarPerm extractEntry www/class_reference/class-bootstrap.helpers.NavPartial.html
573 silly gunzTarPerm extractEntry www/class_reference/404.html
574 silly gunzTarPerm extractEntry www/class_reference/class-BSHtml.html
575 silly gunzTarPerm extractEntry www/class_reference/index.html
576 silly gunzTarPerm extractEntry www/class_reference/class-BSApi.html
577 silly gunzTarPerm extractEntry www/class_reference/namespace-bootstrap.helpers.html
578 silly gunzTarPerm extractEntry www/class_reference/namespace-bootstrap.html
579 silly gunzTarPerm extractEntry www/class_reference/resources/combined.js
580 silly gunzTarPerm extractEntry www/class_reference/resources/combined-ck.js
581 silly gunzTarPerm extractEntry www/class_reference/resources/sort.png
582 silly gunzTarPerm extractEntry www/class_reference/resources/footer.png
583 silly gunzTarPerm extractEntry www/class_reference/resources/inherit.png
584 silly gunzTarPerm extractEntry www/class_reference/resources/resize.png
585 silly gunzTarPerm extractEntry www/class_reference/resources/collapsed.png
586 silly gunzTarPerm extractEntry www/class_reference/resources/style.css
587 silly gunzTarPerm extractEntry www/class_reference/resources/tree-cleaner.png
588 silly gunzTarPerm extractEntry www/class_reference/resources/tree-hasnext.png
589 silly gunzTarPerm extractEntry www/class_reference/resources/tree-last.png
590 silly gunzTarPerm extractEntry www/class_reference/resources/tree-vertical.png
591 silly gunzTarPerm extractEntry www/class_reference/source-class-BSApi.html
592 silly gunzTarPerm extractEntry www/class_reference/source-class-BSHtml.html
593 silly gunzTarPerm extractEntry www/class_reference/source-class-BootStrapModule.html
594 silly gunzTarPerm extractEntry www/class_reference/source-class-BootstrapCode.html
595 silly gunzTarPerm extractEntry www/class_reference/source-class-BootstrapGenerator.html
596 silly gunzTarPerm extractEntry www/class_reference/source-class-BsActiveForm.html
597 silly gunzTarPerm extractEntry www/class_reference/source-class-BsButtonColumn.html
598 silly gunzTarPerm extractEntry www/class_reference/source-class-BsDataColumn.html
599 silly gunzTarPerm extractEntry www/class_reference/source-class-BsGridView.html
600 silly gunzTarPerm extractEntry www/class_reference/source-class-BsListView.html
601 silly gunzTarPerm extractEntry www/class_reference/source-class-BsModal.html
602 silly gunzTarPerm extractEntry www/class_reference/source-class-BsNav.html
603 silly gunzTarPerm extractEntry www/class_reference/source-class-BsNavbar.html
604 silly gunzTarPerm extractEntry www/class_reference/source-class-BsPager.html
605 silly gunzTarPerm extractEntry www/class_reference/source-class-BsWidget.html
606 silly gunzTarPerm extractEntry www/class_reference/source-class-ChBars.html
607 silly gunzTarPerm extractEntry www/class_reference/source-class-ChDoughnut.html
608 silly gunzTarPerm extractEntry www/class_reference/source-class-ChLine.html
609 silly gunzTarPerm extractEntry www/class_reference/source-class-ChPie.html
610 silly gunzTarPerm extractEntry www/class_reference/source-class-ChPolar.html
611 silly gunzTarPerm extractEntry www/class_reference/source-class-ChRadar.html
612 silly gunzTarPerm extractEntry www/class_reference/source-class-ChartJs.html
613 silly gunzTarPerm extractEntry www/class_reference/source-class-IButton.html
614 silly gunzTarPerm extractEntry www/class_reference/source-class-MNav.html
615 silly gunzTarPerm extractEntry www/class_reference/source-class-Person.html
616 silly gunzTarPerm extractEntry www/class_reference/source-class-YiiLog.html
617 silly gunzTarPerm extractEntry www/class_reference/source-class-bootstrap.helpers.BSArray.html
618 silly gunzTarPerm extractEntry www/class_reference/source-class-bootstrap.helpers.NavPartial.html
619 silly gunzTarPerm extractEntry www/class_reference/tree.html
620 silly gunzTarPerm extractEntry www/css/bootstrap-theme.css
621 silly gunzTarPerm extractEntry www/css/bootstrap.css
622 silly gunzTarPerm extractEntry www/css/bootstrap.min.css
623 silly gunzTarPerm extractEntry www/apple-touch-icon-114x114-precomposed.png
624 silly gunzTarPerm extractEntry www/favicon.ico
625 silly gunzTarPerm extractEntry www/fonts/glyphicons-halflings-regular.eot
626 silly gunzTarPerm extractEntry www/fonts/glyphicons-halflings-regular.svg
627 silly gunzTarPerm extractEntry www/fonts/glyphicons-halflings-regular.ttf
628 silly gunzTarPerm extractEntry www/fonts/glyphicons-halflings-regular.woff
629 silly gunzTarPerm extractEntry www/humans.txt
630 silly gunzTarPerm extractEntry www/img/grid_@2X.png
631 silly gunzTarPerm extractEntry www/img/bitbucket_logo_landing.png
632 silly gunzTarPerm extractEntry www/img/bootstrap.png
633 silly gunzTarPerm extractEntry www/img/brushed.png
634 silly gunzTarPerm extractEntry www/img/cardboard.png
635 silly gunzTarPerm extractEntry www/img/cardboard_@2X.png
636 silly gunzTarPerm extractEntry www/img/github-logo.png
637 silly gunzTarPerm extractEntry www/img/grid.png
638 silly gunzTarPerm extractEntry www/img/bodybg.png
639 silly gunzTarPerm extractEntry www/img/logo.png
640 silly gunzTarPerm extractEntry www/img/tweed.png
641 silly gunzTarPerm extractEntry www/img/tweed_@2X.png
642 silly gunzTarPerm extractEntry www/img/white_paperboard.png
643 silly gunzTarPerm extractEntry www/img/white_paperboard_@2X.png
644 silly gunzTarPerm extractEntry www/img/wild_oliva.png
645 silly gunzTarPerm extractEntry www/img/wild_oliva_@2X.png
646 silly gunzTarPerm extractEntry www/img/yii.png
647 silly gunzTarPerm extractEntry www/index.php
648 silly gunzTarPerm extractEntry www/js/app-min.js
649 silly gunzTarPerm extractEntry www/js/bootstrap.js
650 silly gunzTarPerm extractEntry www/js/bootstrap.min.js
651 silly gunzTarPerm extractEntry www/js/holder.js
652 silly gunzTarPerm extractEntry www/js/html5shiv.js
653 silly gunzTarPerm extractEntry www/js/libs/modernizr-2.6.2-respond-1.1.0.min.js
654 silly gunzTarPerm extractEntry www/js/libs/prettify.js
655 silly gunzTarPerm extractEntry www/pull.php
656 silly gunzTarPerm extractEntry www/robots.txt
657 silly gunzTarPerm extractEntry yiic
658 silly gunzTarPerm extractEntry yiic.bat
659 silly gunzTarPerm extractEntry composer.phar
660 silly lockFile 16916462--bootstrap-example-0-0-5-package tar:///Users/pascal/.npm/bootstrap-example/0.0.5/package
661 silly lockFile 16916462--bootstrap-example-0-0-5-package tar:///Users/pascal/.npm/bootstrap-example/0.0.5/package
662 silly lockFile 523c4eca-tstrap-example-0-0-5-package-tgz tar:///Users/pascal/.npm/bootstrap-example/0.0.5/package.tgz
663 silly lockFile 523c4eca-tstrap-example-0-0-5-package-tgz tar:///Users/pascal/.npm/bootstrap-example/0.0.5/package.tgz
664 verbose chmod /Users/pascal/.npm/bootstrap-example/0.0.5/package.tgz 644
665 verbose chown /Users/pascal/.npm/bootstrap-example/0.0.5/package.tgz [ 502, 20 ]
666 silly lockFile 3a52ce78- .
667 silly lockFile 3a52ce78- .
668 silly publish { name: 'bootstrap-example',
668 silly publish   version: '0.0.5',
668 silly publish   description: 'Web Example Page',
668 silly publish   main: 'index.js',
668 silly publish   scripts: { test: 'echo "Error: no test specified" && exit 1' },
668 silly publish   repository:
668 silly publish    { type: 'git',
668 silly publish      url: 'https://bitbucket.org/DrMabuse/yii-bootstrap-3-module-example.git' },
668 silly publish   keywords: [ 'yii-bootstrap3.module' ],
668 silly publish   author: { name: 'Pascal Brewing' },
668 silly publish   license: 'BSD-3-Clause',
668 silly publish   devDependencies:
668 silly publish    { grunt: '~0.4.1',
668 silly publish      'grunt-release': '~0.5.1',
668 silly publish      'grunt-bumpup': '~0.4.1',
668 silly publish      'grunt-text-replace': '~0.3.6',
668 silly publish      'grunt-contrib-sass': '~0.5.0',
668 silly publish      'grunt-contrib-watch': '~0.5.3' },
668 silly publish   readme: '# Yii Bootstrap3 Module Example\n#### Version 0.0.5\n### Code\n[Demo][0]\n\n[0]: http://bootstrap3.pascal-brewing.de\n\n## Setup and first run\n\n  * Set up Git by following the instructions [here](https://help.github.com/articles/set-up-git).\n  * Update the configurations in `app/config/` to suit your needs. The `common/config/main.php` is configured to use **sqllite** by default. Change your `common/config/env/dev.php` to suit your database requirements.\n  * Composer is required The package includes already a `composer.phar` file.\n  * Browse through the `composer.json` and remove the dependencies you don\'t need also update the required versions of the extensions.\n  * If you have `composer` installed globally:\n\t * Run `composer self-update` to make sure you have the latest version of composer.\n\t * Run `composer install` to download all the dependencies.\n  * If you work the `composer.phar` library within the project boilerplate.\n    * Run `php composer.phar self-update` to make sure you have the latest version of composer.\n    * Run `php composer.phar install` to download all the dependencies.\n  * `Yiinitializr\\Composer\\Callback` will configure everything required on your application: `runtime` and `assets` folders and migrations.\n\n\nFor more information about using Composer please see its [documentation](http://getcomposer.org/doc/).\n\n###How to configure the application\n\nWe focused to release the pain of configuring your application and combine your configuration files. `Yiinitializr\\Helpers\\Initializr` is very easy to use, check for example the bootstrap `index.php` file:\n\n```\nrequire(\'./../app/lib/vendor/yiisoft/yii/framework/yii.php\');\n\nYii::setPathOfAlias(\'Yiinitializr\', \'./../app/lib/Yiinitializr\');\n\nuse Yiinitializr\\Helpers\\Initializer;\n\nInitializer::create(\'./../app\', \'main\', array(\'common\', \'env\', \'local\'))->run();\n```\n\nFor more information about Yiinitializr please check it at [its github repo](https://github.com/2amigos/yiinitializr).\n\n## Overall Structure\n\nBellow the directory structure used:\n\n```\n   |-app\n   |---cli\n   |-----commands\n   |-----migrations\n   |---config\n   |-----env\n   |---controllers\n   |---extensions\n   |-----behaviors\n   |-----components\n   |---helpers\n   |---lib #it will hold composer \'vendor\' folder\n   |-----Yiinitializr\n   |-------Cli\n   |-------Composer\n   |-------Helpers\n   |-------config\n   |---messages\n   |---models\n   |---modules\n   |---views\n   |-----layouts\n   |-----site\n   |---widgets\n   |-www\n   |---css\n   |-----fonts\n   |---img\n   |---js\n   |-----libs\n```\n',
668 silly publish   readmeFilename: 'README.md',
668 silly publish   _id: 'bootstrap-example@0.0.5',
668 silly publish   dist: { shasum: '643827970ce85c03577e198242ff9be2ff758fd3' },
668 silly publish   _from: '.' }
669 error need auth auth and email required for publishing
669 error need auth You need to authorize this machine using `npm adduser`
670 error System Darwin 12.5.0
671 error command "/usr/local/Cellar/node/0.10.20/bin/node" "/usr/local/bin/npm" "publish"
672 error cwd /Users/pascal/www/test/bootstrap
673 error node -v v0.10.20
674 error npm -v 1.3.11
675 error code ENEEDAUTH
676 verbose exit [ 1, true ]
